<?xml version="1.0" encoding="UTF-8" ?>
<testsuite tests="22" failures="0" name="com.sg.superhero.AllDaosTest" time="9.7" errors="0" skipped="0">
  <properties>
    <property name="java.runtime.name" value="Java(TM) SE Runtime Environment"/>
    <property name="sun.boot.library.path" value="/Library/Java/JavaVirtualMachines/jdk1.8.0_144.jdk/Contents/Home/jre/lib"/>
    <property name="java.vm.version" value="25.144-b01"/>
    <property name="gopherProxySet" value="false"/>
    <property name="java.vm.vendor" value="Oracle Corporation"/>
    <property name="maven.multiModuleProjectDirectory" value="/Users/ritheenhep/Desktop/superHero"/>
    <property name="java.vendor.url" value="http://java.oracle.com/"/>
    <property name="path.separator" value=":"/>
    <property name="guice.disable.misplaced.annotation.check" value="true"/>
    <property name="java.vm.name" value="Java HotSpot(TM) 64-Bit Server VM"/>
    <property name="file.encoding.pkg" value="sun.io"/>
    <property name="user.country" value="US"/>
    <property name="sun.java.launcher" value="SUN_STANDARD"/>
    <property name="sun.os.patch.level" value="unknown"/>
    <property name="java.vm.specification.name" value="Java Virtual Machine Specification"/>
    <property name="user.dir" value="/Users/ritheenhep/Desktop/superHero"/>
    <property name="java.runtime.version" value="1.8.0_144-b01"/>
    <property name="java.awt.graphicsenv" value="sun.awt.CGraphicsEnvironment"/>
    <property name="java.endorsed.dirs" value="/Library/Java/JavaVirtualMachines/jdk1.8.0_144.jdk/Contents/Home/jre/lib/endorsed"/>
    <property name="os.arch" value="x86_64"/>
    <property name="java.io.tmpdir" value="/var/folders/tf/tv439yf105z7ysh2w1jvh23h0000gn/T/"/>
    <property name="line.separator" value="
"/>
    <property name="java.vm.specification.vendor" value="Oracle Corporation"/>
    <property name="os.name" value="Mac OS X"/>
    <property name="maven.ext.class.path" value="/Applications/NetBeans/NetBeans 8.2.app/Contents/Resources/NetBeans/java/maven-nblib/netbeans-eventspy.jar"/>
    <property name="classworlds.conf" value="/Users/ritheenhep/apache-maven-3.5.0/bin/m2.conf"/>
    <property name="sun.jnu.encoding" value="UTF-8"/>
    <property name="java.library.path" value="/Users/ritheenhep/Library/Java/Extensions:/Library/Java/Extensions:/Network/Library/Java/Extensions:/System/Library/Java/Extensions:/usr/lib/java:."/>
    <property name="maven.conf" value="/Users/ritheenhep/apache-maven-3.5.0/conf"/>
    <property name="java.specification.name" value="Java Platform API Specification"/>
    <property name="java.class.version" value="52.0"/>
    <property name="sun.management.compiler" value="HotSpot 64-Bit Tiered Compilers"/>
    <property name="os.version" value="10.12.6"/>
    <property name="library.jansi.path" value="/Users/ritheenhep/apache-maven-3.5.0/lib/jansi-native/osx64"/>
    <property name="http.nonProxyHosts" value="local|*.local|169.254/16|*.169.254/16"/>
    <property name="user.home" value="/Users/ritheenhep"/>
    <property name="user.timezone" value="America/Chicago"/>
    <property name="java.awt.printerjob" value="sun.lwawt.macosx.CPrinterJob"/>
    <property name="java.specification.version" value="1.8"/>
    <property name="file.encoding" value="UTF-8"/>
    <property name="user.name" value="ritheenhep"/>
    <property name="java.class.path" value="/Users/ritheenhep/apache-maven-3.5.0/boot/plexus-classworlds-2.5.2.jar"/>
    <property name="java.vm.specification.version" value="1.8"/>
    <property name="sun.arch.data.model" value="64"/>
    <property name="java.home" value="/Library/Java/JavaVirtualMachines/jdk1.8.0_144.jdk/Contents/Home/jre"/>
    <property name="sun.java.command" value="org.codehaus.plexus.classworlds.launcher.Launcher -Dmaven.ext.class.path=/Applications/NetBeans/NetBeans 8.2.app/Contents/Resources/NetBeans/java/maven-nblib/netbeans-eventspy.jar clean install"/>
    <property name="java.specification.vendor" value="Oracle Corporation"/>
    <property name="user.language" value="en"/>
    <property name="awt.toolkit" value="sun.lwawt.macosx.LWCToolkit"/>
    <property name="java.vm.info" value="mixed mode"/>
    <property name="java.version" value="1.8.0_144"/>
    <property name="java.ext.dirs" value="/Users/ritheenhep/Library/Java/Extensions:/Library/Java/JavaVirtualMachines/jdk1.8.0_144.jdk/Contents/Home/jre/lib/ext:/Library/Java/Extensions:/Network/Library/Java/Extensions:/System/Library/Java/Extensions:/usr/lib/java"/>
    <property name="sun.boot.class.path" value="/Library/Java/JavaVirtualMachines/jdk1.8.0_144.jdk/Contents/Home/jre/lib/resources.jar:/Library/Java/JavaVirtualMachines/jdk1.8.0_144.jdk/Contents/Home/jre/lib/rt.jar:/Library/Java/JavaVirtualMachines/jdk1.8.0_144.jdk/Contents/Home/jre/lib/sunrsasign.jar:/Library/Java/JavaVirtualMachines/jdk1.8.0_144.jdk/Contents/Home/jre/lib/jsse.jar:/Library/Java/JavaVirtualMachines/jdk1.8.0_144.jdk/Contents/Home/jre/lib/jce.jar:/Library/Java/JavaVirtualMachines/jdk1.8.0_144.jdk/Contents/Home/jre/lib/charsets.jar:/Library/Java/JavaVirtualMachines/jdk1.8.0_144.jdk/Contents/Home/jre/lib/jfr.jar:/Library/Java/JavaVirtualMachines/jdk1.8.0_144.jdk/Contents/Home/jre/classes"/>
    <property name="java.vendor" value="Oracle Corporation"/>
    <property name="maven.home" value="/Users/ritheenhep/apache-maven-3.5.0"/>
    <property name="file.separator" value="/"/>
    <property name="java.vendor.url.bug" value="http://bugreport.sun.com/bugreport/"/>
    <property name="sun.cpu.endian" value="little"/>
    <property name="sun.io.unicode.encoding" value="UnicodeBig"/>
    <property name="socksNonProxyHosts" value="local|*.local|169.254/16|*.169.254/16"/>
    <property name="ftp.nonProxyHosts" value="local|*.local|169.254/16|*.169.254/16"/>
    <property name="sun.cpu.isalist" value=""/>
  </properties>
  <testcase classname="com.sg.superhero.AllDaosTest" name="tesGetAllSuperByOrganization" time="2.827"/>
  <testcase classname="com.sg.superhero.AllDaosTest" name="testDeleteOrganization" time="0.391"/>
  <testcase classname="com.sg.superhero.AllDaosTest" name="testGetsuperPersonById" time="0.301"/>
  <testcase classname="com.sg.superhero.AllDaosTest" name="testUpdateOrganization" time="0.414"/>
  <testcase classname="com.sg.superhero.AllDaosTest" name="testDeleteLocation" time="0.297"/>
  <testcase classname="com.sg.superhero.AllDaosTest" name="getSightingByDate" time="0.491"/>
  <testcase classname="com.sg.superhero.AllDaosTest" name="testUpdateSuperPerson" time="0.356"/>
  <testcase classname="com.sg.superhero.AllDaosTest" name="testUpdateSight" time="0.299"/>
  <testcase classname="com.sg.superhero.AllDaosTest" name="testAddGetLocation" time="0.312"/>
  <testcase classname="com.sg.superhero.AllDaosTest" name="testGetOrganizationById" time="0.419"/>
  <testcase classname="com.sg.superhero.AllDaosTest" name="testGetsightingById" time="0.542"/>
  <testcase classname="com.sg.superhero.AllDaosTest" name="testaddgetOrganization" time="0.35"/>
  <testcase classname="com.sg.superhero.AllDaosTest" name="testTetallSuperPerson" time="0.298"/>
  <testcase classname="com.sg.superhero.AllDaosTest" name="testDeletSuperPerson" time="0.24"/>
  <testcase classname="com.sg.superhero.AllDaosTest" name="testGetallSighting" time="0.347"/>
  <testcase classname="com.sg.superhero.AllDaosTest" name="testaddsighting" time="0.229"/>
  <testcase classname="com.sg.superhero.AllDaosTest" name="testDeleteSighting" time="0.42"/>
  <testcase classname="com.sg.superhero.AllDaosTest" name="testGetLocationById" time="0.205"/>
  <testcase classname="com.sg.superhero.AllDaosTest" name="testUpdateLocation" time="0.169"/>
  <testcase classname="com.sg.superhero.AllDaosTest" name="testAddGetSuperPerson" time="0.217"/>
  <testcase classname="com.sg.superhero.AllDaosTest" name="testGetAllsuperPersonByLocation" time="0.222"/>
  <testcase classname="com.sg.superhero.AllDaosTest" name="TestGetAllLocation" time="0.354"/>
</testsuite>